# JRE version: OpenJDK Runtime Environment Temurin-21.0.10+7 (21.0.10+7) (build 21.0.10+7-LTS)
# Java VM: OpenJDK 64-Bit Server VM Temurin-21.0.10+7 (21.0.10+7-LTS, mixed mode, sharing, tiered, compressed oops, compressed class ptrs, parallel gc, windows-amd64)
GC Precious Log:
 CardTable entry size: 512
 CPUs: 6 total, 6 available
 Memory: 32719M
 Large Page Support: Disabled
 NUMA Support: Disabled
 Compressed Oops: Enabled (32-bit)
 Alignments: Space 512K, Generation 512K, Heap 2M
 Heap Min Capacity: 100M
 Heap Initial Capacity: 100M
 Heap Max Capacity: 2G
 Pre-touch: Disabled
 Parallel Workers: 6
Heap:
 PSYoungGen      total 23552K, used 8992K [0x00000000d5580000, 0x00000000d6e80000, 0x0000000100000000)
  eden space 22016K, 36% used [0x00000000d5580000,0x00000000d5d47868,0x00000000d6b00000)
  from space 1536K, 66% used [0x00000000d6b80000,0x00000000d6c80a98,0x00000000d6d00000)
  to   space 1536K, 0% used [0x00000000d6d00000,0x00000000d6d00000,0x00000000d6e80000)
 ParOldGen       total 68608K, used 42353K [0x0000000080000000, 0x0000000084300000, 0x00000000d5580000)
  object space 68608K, 61% used [0x0000000080000000,0x000000008295c5e8,0x0000000084300000)
 Metaspace       used 64213K, committed 65600K, reserved 1114112K
  class space    used 8034K, committed 8640K, reserved 1048576K
GC Heap History (20 events):
Event: 28.695 GC heap before
{Heap before GC invocations=29 (full 2):
 PSYoungGen      total 23040K, used 22992K [0x00000000d5580000, 0x00000000d7100000, 0x0000000100000000)
  eden space 22016K, 100% used [0x00000000d5580000,0x00000000d6b00000,0x00000000d6b00000)
  from space 1024K, 95% used [0x00000000d7000000,0x00000000d70f4010,0x00000000d7100000)
  to   space 2560K, 0% used [0x00000000d6c00000,0x00000000d6c00000,0x00000000d6e80000)
 ParOldGen       total 68608K, used 40160K [0x0000000080000000, 0x0000000084300000, 0x00000000d5580000)
  object space 68608K, 58% used [0x0000000080000000,0x00000000827381e0,0x0000000084300000)
 Metaspace       used 57569K, committed 58816K, reserved 1114112K
  class space    used 6805K, committed 7360K, reserved 1048576K
}
Event: 28.697 GC heap after
{Heap after GC invocations=29 (full 2):
 PSYoungGen      total 24576K, used 768K [0x00000000d5580000, 0x00000000d7080000, 0x0000000100000000)
  eden space 22016K, 0% used [0x00000000d5580000,0x00000000d5580000,0x00000000d6b00000)
  from space 2560K, 30% used [0x00000000d6c00000,0x00000000d6cc0010,0x00000000d6e80000)
  to   space 1536K, 0% used [0x00000000d6f00000,0x00000000d6f00000,0x00000000d7080000)
 ParOldGen       total 68608K, used 41040K [0x0000000080000000, 0x0000000084300000, 0x00000000d5580000)
  object space 68608K, 59% used [0x0000000080000000,0x0000000082814210,0x0000000084300000)
 Metaspace       used 57569K, committed 58816K, reserved 1114112K
  class space    used 6805K, committed 7360K, reserved 1048576K
}
Event: 29.544 GC heap before
{Heap before GC invocations=30 (full 2):
 PSYoungGen      total 24576K, used 22784K [0x00000000d5580000, 0x00000000d7080000, 0x0000000100000000)
  eden space 22016K, 100% used [0x00000000d5580000,0x00000000d6b00000,0x00000000d6b00000)
  from space 2560K, 30% used [0x00000000d6c00000,0x00000000d6cc0010,0x00000000d6e80000)
  to   space 1536K, 0% used [0x00000000d6f00000,0x00000000d6f00000,0x00000000d7080000)
 ParOldGen       total 68608K, used 41040K [0x0000000080000000, 0x0000000084300000, 0x00000000d5580000)
  object space 68608K, 59% used [0x0000000080000000,0x0000000082814210,0x0000000084300000)
 Metaspace       used 58069K, committed 59392K, reserved 1114112K
  class space    used 6853K, committed 7424K, reserved 1048576K
}
Event: 29.547 GC heap after
{Heap after GC invocations=30 (full 2):
 PSYoungGen      total 23552K, used 1389K [0x00000000d5580000, 0x00000000d7080000, 0x0000000100000000)
  eden space 22016K, 0% used [0x00000000d5580000,0x00000000d5580000,0x00000000d6b00000)
  from space 1536K, 90% used [0x00000000d6f00000,0x00000000d705b510,0x00000000d7080000)
  to   space 1536K, 0% used [0x00000000d6d80000,0x00000000d6d80000,0x00000000d6f00000)
 ParOldGen       total 68608K, used 41656K [0x0000000080000000, 0x0000000084300000, 0x00000000d5580000)
  object space 68608K, 60% used [0x0000000080000000,0x00000000828ae220,0x0000000084300000)
 Metaspace       used 58069K, committed 59392K, reserved 1114112K
  class space    used 6853K, committed 7424K, reserved 1048576K
}
Event: 29.672 GC heap before
{Heap before GC invocations=31 (full 2):
 PSYoungGen      total 23552K, used 5896K [0x00000000d5580000, 0x00000000d7080000, 0x0000000100000000)
  eden space 22016K, 20% used [0x00000000d5580000,0x00000000d59e6af8,0x00000000d6b00000)
  from space 1536K, 90% used [0x00000000d6f00000,0x00000000d705b510,0x00000000d7080000)
  to   space 1536K, 0% used [0x00000000d6d80000,0x00000000d6d80000,0x00000000d6f00000)
 ParOldGen       total 68608K, used 41656K [0x0000000080000000, 0x0000000084300000, 0x00000000d5580000)
  object space 68608K, 60% used [0x0000000080000000,0x00000000828ae220,0x0000000084300000)
 Metaspace       used 58499K, committed 59776K, reserved 1114112K
  class space    used 6908K, committed 7488K, reserved 1048576K
}
Event: 29.673 GC heap after
{Heap after GC invocations=31 (full 2):
 PSYoungGen      total 22528K, used 192K [0x00000000d5580000, 0x00000000d6f80000, 0x0000000100000000)
  eden space 22016K, 0% used [0x00000000d5580000,0x00000000d5580000,0x00000000d6b00000)
  from space 512K, 37% used [0x00000000d6d80000,0x00000000d6db0000,0x00000000d6e00000)
  to   space 1024K, 0% used [0x00000000d6e80000,0x00000000d6e80000,0x00000000d6f80000)
 ParOldGen       total 68608K, used 42967K [0x0000000080000000, 0x0000000084300000, 0x00000000d5580000)
  object space 68608K, 62% used [0x0000000080000000,0x00000000829f5d08,0x0000000084300000)
 Metaspace       used 58499K, committed 59776K, reserved 1114112K
  class space    used 6908K, committed 7488K, reserved 1048576K
}
Event: 29.673 GC heap before
{Heap before GC invocations=32 (full 3):
 PSYoungGen      total 22528K, used 192K [0x00000000d5580000, 0x00000000d6f80000, 0x0000000100000000)
  eden space 22016K, 0% used [0x00000000d5580000,0x00000000d5580000,0x00000000d6b00000)
  from space 512K, 37% used [0x00000000d6d80000,0x00000000d6db0000,0x00000000d6e00000)
  to   space 1024K, 0% used [0x00000000d6e80000,0x00000000d6e80000,0x00000000d6f80000)
 ParOldGen       total 68608K, used 42967K [0x0000000080000000, 0x0000000084300000, 0x00000000d5580000)
  object space 68608K, 62% used [0x0000000080000000,0x00000000829f5d08,0x0000000084300000)
 Metaspace       used 58499K, committed 59776K, reserved 1114112K
  class space    used 6908K, committed 7488K, reserved 1048576K
}
Event: 29.734 GC heap after
{Heap after GC invocations=32 (full 3):
 PSYoungGen      total 22528K, used 0K [0x00000000d5580000, 0x00000000d6f80000, 0x0000000100000000)
  eden space 22016K, 0% used [0x00000000d5580000,0x00000000d5580000,0x00000000d6b00000)
  from space 512K, 0% used [0x00000000d6d80000,0x00000000d6d80000,0x00000000d6e00000)
  to   space 1024K, 0% used [0x00000000d6e80000,0x00000000d6e80000,0x00000000d6f80000)
 ParOldGen       total 68608K, used 40786K [0x0000000080000000, 0x0000000084300000, 0x00000000d5580000)
  object space 68608K, 59% used [0x0000000080000000,0x00000000827d4878,0x0000000084300000)
 Metaspace       used 58499K, committed 59776K, reserved 1114112K
  class space    used 6908K, committed 7488K, reserved 1048576K
}
Event: 30.217 GC heap before
{Heap before GC invocations=33 (full 3):
 PSYoungGen      total 22528K, used 22016K [0x00000000d5580000, 0x00000000d6f80000, 0x0000000100000000)
  eden space 22016K, 100% used [0x00000000d5580000,0x00000000d6b00000,0x00000000d6b00000)
  from space 512K, 0% used [0x00000000d6d80000,0x00000000d6d80000,0x00000000d6e00000)
  to   space 1024K, 0% used [0x00000000d6e80000,0x00000000d6e80000,0x00000000d6f80000)
 ParOldGen       total 68608K, used 40786K [0x0000000080000000, 0x0000000084300000, 0x00000000d5580000)
  object space 68608K, 59% used [0x0000000080000000,0x00000000827d4878,0x0000000084300000)
 Metaspace       used 59962K, committed 61248K, reserved 1114112K
  class space    used 7151K, committed 7744K, reserved 1048576K
}
Event: 30.218 GC heap after
{Heap after GC invocations=33 (full 3):
 PSYoungGen      total 23040K, used 1005K [0x00000000d5580000, 0x00000000d6f80000, 0x0000000100000000)
  eden space 22016K, 0% used [0x00000000d5580000,0x00000000d5580000,0x00000000d6b00000)
  from space 1024K, 98% used [0x00000000d6e80000,0x00000000d6f7b5f0,0x00000000d6f80000)
  to   space 1536K, 0% used [0x00000000d6c80000,0x00000000d6c80000,0x00000000d6e00000)
 ParOldGen       total 68608K, used 40961K [0x0000000080000000, 0x0000000084300000, 0x00000000d5580000)
  object space 68608K, 59% used [0x0000000080000000,0x0000000082800628,0x0000000084300000)
 Metaspace       used 59962K, committed 61248K, reserved 1114112K
  class space    used 7151K, committed 7744K, reserved 1048576K
}
Event: 30.434 GC heap before
{Heap before GC invocations=34 (full 3):
 PSYoungGen      total 23040K, used 23021K [0x00000000d5580000, 0x00000000d6f80000, 0x0000000100000000)
  eden space 22016K, 100% used [0x00000000d5580000,0x00000000d6b00000,0x00000000d6b00000)
  from space 1024K, 98% used [0x00000000d6e80000,0x00000000d6f7b5f0,0x00000000d6f80000)
  to   space 1536K, 0% used [0x00000000d6c80000,0x00000000d6c80000,0x00000000d6e00000)
 ParOldGen       total 68608K, used 40961K [0x0000000080000000, 0x0000000084300000, 0x00000000d5580000)
  object space 68608K, 59% used [0x0000000080000000,0x0000000082800628,0x0000000084300000)
 Metaspace       used 61483K, committed 62784K, reserved 1114112K
  class space    used 7459K, committed 8064K, reserved 1048576K
}
Event: 30.434 GC heap after
{Heap after GC invocations=34 (full 3):
 PSYoungGen      total 23552K, used 288K [0x00000000d5580000, 0x00000000d6f00000, 0x0000000100000000)
  eden space 22016K, 0% used [0x00000000d5580000,0x00000000d5580000,0x00000000d6b00000)
  from space 1536K, 18% used [0x00000000d6c80000,0x00000000d6cc8000,0x00000000d6e00000)
  to   space 1024K, 0% used [0x00000000d6e00000,0x00000000d6e00000,0x00000000d6f00000)
 ParOldGen       total 68608K, used 41429K [0x0000000080000000, 0x0000000084300000, 0x00000000d5580000)
  object space 68608K, 60% used [0x0000000080000000,0x00000000828756f8,0x0000000084300000)
 Metaspace       used 61483K, committed 62784K, reserved 1114112K
  class space    used 7459K, committed 8064K, reserved 1048576K
}
Event: 30.690 GC heap before
{Heap before GC invocations=35 (full 3):
 PSYoungGen      total 23552K, used 22304K [0x00000000d5580000, 0x00000000d6f00000, 0x0000000100000000)
  eden space 22016K, 100% used [0x00000000d5580000,0x00000000d6b00000,0x00000000d6b00000)
  from space 1536K, 18% used [0x00000000d6c80000,0x00000000d6cc8000,0x00000000d6e00000)
  to   space 1024K, 0% used [0x00000000d6e00000,0x00000000d6e00000,0x00000000d6f00000)
 ParOldGen       total 68608K, used 41429K [0x0000000080000000, 0x0000000084300000, 0x00000000d5580000)
  object space 68608K, 60% used [0x0000000080000000,0x00000000828756f8,0x0000000084300000)
 Metaspace       used 62589K, committed 63936K, reserved 1114112K
  class space    used 7739K, committed 8320K, reserved 1048576K
}
Event: 30.691 GC heap after
{Heap after GC invocations=35 (full 3):
 PSYoungGen      total 23040K, used 600K [0x00000000d5580000, 0x00000000d6f00000, 0x0000000100000000)
  eden space 22016K, 0% used [0x00000000d5580000,0x00000000d5580000,0x00000000d6b00000)
  from space 1024K, 58% used [0x00000000d6e00000,0x00000000d6e96050,0x00000000d6f00000)
  to   space 1024K, 0% used [0x00000000d6d00000,0x00000000d6d00000,0x00000000d6e00000)
 ParOldGen       total 68608K, used 41549K [0x0000000080000000, 0x0000000084300000, 0x00000000d5580000)
  object space 68608K, 60% used [0x0000000080000000,0x00000000828936f8,0x0000000084300000)
 Metaspace       used 62589K, committed 63936K, reserved 1114112K
  class space    used 7739K, committed 8320K, reserved 1048576K
}
Event: 31.067 GC heap before
{Heap before GC invocations=36 (full 3):
 PSYoungGen      total 23040K, used 22616K [0x00000000d5580000, 0x00000000d6f00000, 0x0000000100000000)
  eden space 22016K, 100% used [0x00000000d5580000,0x00000000d6b00000,0x00000000d6b00000)
  from space 1024K, 58% used [0x00000000d6e00000,0x00000000d6e96050,0x00000000d6f00000)
  to   space 1024K, 0% used [0x00000000d6d00000,0x00000000d6d00000,0x00000000d6e00000)
 ParOldGen       total 68608K, used 41549K [0x0000000080000000, 0x0000000084300000, 0x00000000d5580000)
  object space 68608K, 60% used [0x0000000080000000,0x00000000828936f8,0x0000000084300000)
 Metaspace       used 63950K, committed 65216K, reserved 1114112K
  class space    used 7996K, committed 8576K, reserved 1048576K
}
Event: 31.068 GC heap after
{Heap after GC invocations=36 (full 3):
 PSYoungGen      total 23040K, used 384K [0x00000000d5580000, 0x00000000d6e80000, 0x0000000100000000)
  eden space 22016K, 0% used [0x00000000d5580000,0x00000000d5580000,0x00000000d6b00000)
  from space 1024K, 37% used [0x00000000d6d00000,0x00000000d6d60000,0x00000000d6e00000)
  to   space 512K, 0% used [0x00000000d6e00000,0x00000000d6e00000,0x00000000d6e80000)
 ParOldGen       total 68608K, used 41759K [0x0000000080000000, 0x0000000084300000, 0x00000000d5580000)
  object space 68608K, 60% used [0x0000000080000000,0x00000000828c7eb8,0x0000000084300000)
 Metaspace       used 63950K, committed 65216K, reserved 1114112K
  class space    used 7996K, committed 8576K, reserved 1048576K
}
Event: 31.367 GC heap before
{Heap before GC invocations=37 (full 3):
 PSYoungGen      total 23040K, used 22400K [0x00000000d5580000, 0x00000000d6e80000, 0x0000000100000000)
  eden space 22016K, 100% used [0x00000000d5580000,0x00000000d6b00000,0x00000000d6b00000)
  from space 1024K, 37% used [0x00000000d6d00000,0x00000000d6d60000,0x00000000d6e00000)
  to   space 512K, 0% used [0x00000000d6e00000,0x00000000d6e00000,0x00000000d6e80000)
 ParOldGen       total 68608K, used 41759K [0x0000000080000000, 0x0000000084300000, 0x00000000d5580000)
  object space 68608K, 60% used [0x0000000080000000,0x00000000828c7eb8,0x0000000084300000)
 Metaspace       used 64212K, committed 65600K, reserved 1114112K
  class space    used 8034K, committed 8640K, reserved 1048576K
}
Event: 31.368 GC heap after
{Heap after GC invocations=37 (full 3):
 PSYoungGen      total 22528K, used 497K [0x00000000d5580000, 0x00000000d6e80000, 0x0000000100000000)
  eden space 22016K, 0% used [0x00000000d5580000,0x00000000d5580000,0x00000000d6b00000)
  from space 512K, 97% used [0x00000000d6e00000,0x00000000d6e7c5d0,0x00000000d6e80000)
  to   space 1536K, 0% used [0x00000000d6b80000,0x00000000d6b80000,0x00000000d6d00000)
 ParOldGen       total 68608K, used 42273K [0x0000000080000000, 0x0000000084300000, 0x00000000d5580000)
  object space 68608K, 61% used [0x0000000080000000,0x00000000829485e8,0x0000000084300000)
 Metaspace       used 64212K, committed 65600K, reserved 1114112K
  class space    used 8034K, committed 8640K, reserved 1048576K
}
Event: 31.829 GC heap before
{Heap before GC invocations=38 (full 3):
 PSYoungGen      total 22528K, used 22513K [0x00000000d5580000, 0x00000000d6e80000, 0x0000000100000000)
  eden space 22016K, 100% used [0x00000000d5580000,0x00000000d6b00000,0x00000000d6b00000)
  from space 512K, 97% used [0x00000000d6e00000,0x00000000d6e7c5d0,0x00000000d6e80000)
  to   space 1536K, 0% used [0x00000000d6b80000,0x00000000d6b80000,0x00000000d6d00000)
 ParOldGen       total 68608K, used 42273K [0x0000000080000000, 0x0000000084300000, 0x00000000d5580000)
  object space 68608K, 61% used [0x0000000080000000,0x00000000829485e8,0x0000000084300000)
 Metaspace       used 64213K, committed 65600K, reserved 1114112K
  class space    used 8034K, committed 8640K, reserved 1048576K
}
Event: 31.830 GC heap after
{Heap after GC invocations=38 (full 3):
 PSYoungGen      total 23552K, used 1026K [0x00000000d5580000, 0x00000000d6e80000, 0x0000000100000000)
  eden space 22016K, 0% used [0x00000000d5580000,0x00000000d5580000,0x00000000d6b00000)
  from space 1536K, 66% used [0x00000000d6b80000,0x00000000d6c80a98,0x00000000d6d00000)
  to   space 1536K, 0% used [0x00000000d6d00000,0x00000000d6d00000,0x00000000d6e80000)
 ParOldGen       total 68608K, used 42353K [0x0000000080000000, 0x0000000084300000, 0x00000000d5580000)
  object space 68608K, 61% used [0x0000000080000000,0x000000008295c5e8,0x0000000084300000)
 Metaspace       used 64213K, committed 65600K, reserved 1114112K
  class space    used 8034K, committed 8640K, reserved 1048576K
}

